#
# There is insufficient memory for the Java Runtime Environment to continue.
# Native memory allocation (mmap) failed to map 1048576 bytes for G1 virtual space
# Possible reasons:
#   The system is out of physical RAM or swap space
#   The process is running with CompressedOops enabled, and the Java Heap may be blocking the growth of the native heap
# Possible solutions:
#   Reduce memory load on the system
#   Increase physical memory or swap space
#   Check if swap backing store is full
#   Decrease Java heap size (-Xmx/-Xms)
#   Decrease number of Java threads
#   Decrease Java thread stack sizes (-Xss)
#   Set larger code cache with -XX:ReservedCodeCacheSize=
#   JVM is running with Unscaled Compressed Oops mode in which the Java heap is
#     placed in the first 4GB address space. The Java Heap base address is the
#     maximum limit for the native heap growth. Please use -XX:HeapBaseMinAddress
#     to set the Java Heap base and to place the Java Heap above 4GB virtual address.
# This output file may be truncated or incomplete.
#
#  Out of Memory Error (os_windows.cpp:3528), pid=12780, tid=7256
#
# JRE version: OpenJDK Runtime Environment Corretto-20.0.2.10.1 (20.0.2.1+10) (build 20.0.2.1+10-FR)
# Java VM: OpenJDK 64-Bit Server VM Corretto-20.0.2.10.1 (20.0.2.1+10-FR, mixed mode, emulated-client, sharing, tiered, compressed oops, compressed class ptrs, g1 gc, windows-amd64)
# No core dump will be written. Minidumps are not enabled by default on client versions of Windows
#

---------------  S U M M A R Y ------------

Command Line: -XX:TieredStopAtLevel=1 -Dspring.output.ansi.enabled=always -Dcom.sun.management.jmxremote -Dspring.jmx.enabled=true -Dspring.liveBeansView.mbeanDomain -Dspring.application.admin.enabled=true -Dmanagement.endpoints.jmx.exposure.include=* -javaagent:D:\Softwares\IntelliJ IDEA 2025.1\lib\idea_rt.jar=58210 -Dfile.encoding=UTF-8 -Dsun.stdout.encoding=UTF-8 -Dsun.stderr.encoding=UTF-8 org.example.Main

Host: AMD Ryzen 5 5600H with Radeon Graphics         , 12 cores, 7G,  Windows 11 , 64 bit Build 26100 (10.0.26100.3912)
Time: Thu Jun  5 07:34:43 2025 E. Europe Daylight Time elapsed time: 1767.365613 seconds (0d 0h 29m 27s)

---------------  T H R E A D  ---------------

Current thread (0x000001d57b97e680):  WorkerThread "GC Thread#9" [stack: 0x0000003880d00000,0x0000003880e00000] [id=7256]

Stack: [0x0000003880d00000,0x0000003880e00000]
Native frames: (J=compiled Java code, j=interpreted, Vv=VM code, C=native code)
V  [jvm.dll+0x6ba11a]
V  [jvm.dll+0x8968da]
V  [jvm.dll+0x898665]
V  [jvm.dll+0x898d53]
V  [jvm.dll+0x27f9ff]
V  [jvm.dll+0x6b6f69]
V  [jvm.dll+0x6abe7a]
V  [jvm.dll+0x358ce5]
V  [jvm.dll+0x360e46]
V  [jvm.dll+0x3b16fb]
V  [jvm.dll+0x3b1d74]
V  [jvm.dll+0x3b1e3d]
V  [jvm.dll+0x32b625]
V  [jvm.dll+0x32b375]
V  [jvm.dll+0x31b566]
V  [jvm.dll+0x31c52a]
V  [jvm.dll+0x31c9a1]
V  [jvm.dll+0x31c42e]
V  [jvm.dll+0x35aad6]
V  [jvm.dll+0x35ae94]
V  [jvm.dll+0x35bf23]
V  [jvm.dll+0x35865e]
V  [jvm.dll+0x365ad1]
V  [jvm.dll+0x3676bb]
V  [jvm.dll+0x365e6a]
V  [jvm.dll+0x367256]
V  [jvm.dll+0x3719c3]
V  [jvm.dll+0x371b0b]
V  [jvm.dll+0x8c3ab7]
V  [jvm.dll+0x843859]
V  [jvm.dll+0x6b8d9b]
C  [ucrtbase.dll+0x37b0]
C  [KERNEL32.DLL+0x2e8d7]
C  [ntdll.dll+0x9c5dc]


---------------  P R O C E S S  ---------------

Threads class SMR info:
_java_thread_list=0x000001d57e4f74b0, length=35, elements={
0x000001d57646ee00, 0x000001d5764702b0, 0x000001d576474030, 0x000001d576476e20,
0x000001d5764782d0, 0x000001d576481c30, 0x000001d576484580, 0x000001d576437f60,
0x000001d57b507140, 0x000001d57b504230, 0x000001d57b765990, 0x000001d57b845e60,
0x000001d57b866080, 0x000001d57d004dc0, 0x000001d57d005310, 0x000001d57d004320,
0x000001d57d002de0, 0x000001d57d004870, 0x000001d57d003dd0, 0x000001d57d006850,
0x000001d57d006da0, 0x000001d57d0072f0, 0x000001d57d003880, 0x000001d57d008d80,
0x000001d57d007840, 0x000001d57d008830, 0x000001d57d007d90, 0x000001d57d0082e0,
0x000001d57d009d70, 0x000001d57d009820, 0x000001d57d00a2c0, 0x000001d57d0092d0,
0x000001d57e3e2b20, 0x000001d57e3e5af0, 0x000001d57e3e4060
}

Java Threads: ( => current thread )
  0x000001d57646ee00 JavaThread "Reference Handler" daemon [_thread_blocked, id=13584, stack(0x00000038ff300000,0x00000038ff400000)]
  0x000001d5764702b0 JavaThread "Finalizer" daemon [_thread_blocked, id=16564, stack(0x00000038ff400000,0x00000038ff500000)]
  0x000001d576474030 JavaThread "Signal Dispatcher" daemon [_thread_blocked, id=10960, stack(0x00000038ff500000,0x00000038ff600000)]
  0x000001d576476e20 JavaThread "Attach Listener" daemon [_thread_blocked, id=4320, stack(0x00000038ff600000,0x00000038ff700000)]
  0x000001d5764782d0 JavaThread "Service Thread" daemon [_thread_blocked, id=14124, stack(0x00000038ff700000,0x00000038ff800000)]
  0x000001d576481c30 JavaThread "Monitor Deflation Thread" daemon [_thread_blocked, id=9652, stack(0x00000038ff800000,0x00000038ff900000)]
  0x000001d576484580 JavaThread "C1 CompilerThread0" daemon [_thread_blocked, id=4752, stack(0x00000038ff900000,0x00000038ffa00000)]
  0x000001d576437f60 JavaThread "Common-Cleaner" daemon [_thread_blocked, id=8016, stack(0x00000038ffa00000,0x00000038ffb00000)]
  0x000001d57b507140 JavaThread "Monitor Ctrl-Break" daemon [_thread_in_native, id=6660, stack(0x00000038ffc00000,0x00000038ffd00000)]
  0x000001d57b504230 JavaThread "Notification Thread" daemon [_thread_blocked, id=18216, stack(0x00000038ffd00000,0x00000038ffe00000)]
  0x000001d57b765990 JavaThread "RMI TCP Accept-0" daemon [_thread_in_native, id=14800, stack(0x0000003880000000,0x0000003880100000)]
  0x000001d57b845e60 JavaThread "RMI Scheduler(0)" daemon [_thread_blocked, id=12220, stack(0x0000003880300000,0x0000003880400000)]
  0x000001d57b866080 JavaThread "JMX server connection timeout 26" daemon [_thread_blocked, id=9000, stack(0x0000003880400000,0x0000003880500000)]
  0x000001d57d004dc0 JavaThread "Catalina-utility-1" [_thread_blocked, id=18488, stack(0x0000003880e00000,0x0000003880f00000)]
  0x000001d57d005310 JavaThread "Catalina-utility-2" [_thread_blocked, id=4712, stack(0x0000003881100000,0x0000003881200000)]
  0x000001d57d004320 JavaThread "container-0" [_thread_blocked, id=16608, stack(0x0000003881200000,0x0000003881300000)]
  0x000001d57d002de0 JavaThread "mysql-cj-abandoned-connection-cleanup" daemon [_thread_blocked, id=18268, stack(0x0000003881300000,0x0000003881400000)]
  0x000001d57d004870 JavaThread "PostgreSQL-JDBC-Cleaner" daemon [_thread_blocked, id=11540, stack(0x0000003881500000,0x0000003881600000)]
  0x000001d57d003dd0 JavaThread "HikariPool-1 housekeeper" daemon [_thread_blocked, id=12852, stack(0x0000003881600000,0x0000003881700000)]
  0x000001d57d006850 JavaThread "BufferPoolPruner-1-thread-1" daemon [_thread_blocked, id=18728, stack(0x0000003881800000,0x0000003881900000)]
  0x000001d57d006da0 JavaThread "cluster-ClusterId{value='6841178040d29d15c75ab64d', description='null'}-localhost:27017" daemon [_thread_blocked, id=16124, stack(0x0000003881900000,0x0000003881a00000)]
  0x000001d57d0072f0 JavaThread "http-nio-8080-exec-1" daemon [_thread_blocked, id=9896, stack(0x0000003881a00000,0x0000003881b00000)]
  0x000001d57d003880 JavaThread "http-nio-8080-exec-2" daemon [_thread_blocked, id=1696, stack(0x0000003881b00000,0x0000003881c00000)]
  0x000001d57d008d80 JavaThread "http-nio-8080-exec-3" daemon [_thread_blocked, id=9776, stack(0x0000003881c00000,0x0000003881d00000)]
  0x000001d57d007840 JavaThread "http-nio-8080-exec-4" daemon [_thread_blocked, id=15552, stack(0x0000003881d00000,0x0000003881e00000)]
  0x000001d57d008830 JavaThread "http-nio-8080-exec-5" daemon [_thread_blocked, id=16740, stack(0x0000003881e00000,0x0000003881f00000)]
  0x000001d57d007d90 JavaThread "http-nio-8080-exec-6" daemon [_thread_blocked, id=10136, stack(0x0000003881f00000,0x0000003882000000)]
  0x000001d57d0082e0 JavaThread "http-nio-8080-exec-7" daemon [_thread_blocked, id=18676, stack(0x0000003882000000,0x0000003882100000)]
  0x000001d57d009d70 JavaThread "http-nio-8080-exec-8" daemon [_thread_blocked, id=13884, stack(0x0000003882100000,0x0000003882200000)]
  0x000001d57d009820 JavaThread "http-nio-8080-exec-9" daemon [_thread_blocked, id=13448, stack(0x0000003882200000,0x0000003882300000)]
  0x000001d57d00a2c0 JavaThread "http-nio-8080-exec-10" daemon [_thread_blocked, id=9880, stack(0x0000003882300000,0x0000003882400000)]
  0x000001d57d0092d0 JavaThread "http-nio-8080-Poller" daemon [_thread_blocked, id=19416, stack(0x0000003882400000,0x0000003882500000)]
  0x000001d57e3e2b20 JavaThread "http-nio-8080-Acceptor" daemon [_thread_in_native, id=14384, stack(0x0000003882500000,0x0000003882600000)]
  0x000001d57e3e5af0 JavaThread "DestroyJavaVM" [_thread_blocked, id=19204, stack(0x00000038fec00000,0x00000038fed00000)]
  0x000001d57e3e4060 JavaThread "RMI TCP Connection(2)-192.168.2.104" daemon [_thread_blocked, id=1380, stack(0x0000003881700000,0x0000003881800000)]

Other Threads:
  0x000001d57644ffa0 VMThread "VM Thread" [stack: 0x00000038ff200000,0x00000038ff300000] [id=3200]
  0x000001d5661a3670 WatcherThread "VM Periodic Task Thread" [stack: 0x0000003880100000,0x0000003880200000] [id=14680]
  0x000001d5661fe6f0 WorkerThread "GC Thread#0" [stack: 0x00000038fed00000,0x00000038fee00000] [id=19364]
  0x000001d57b8dbf70 WorkerThread "GC Thread#1" [stack: 0x0000003880500000,0x0000003880600000] [id=16828]
  0x000001d57b97d2d0 WorkerThread "GC Thread#2" [stack: 0x0000003880600000,0x0000003880700000] [id=12616]
  0x000001d57b97de10 WorkerThread "GC Thread#3" [stack: 0x0000003880700000,0x0000003880800000] [id=2244]
  0x000001d57b97e0e0 WorkerThread "GC Thread#4" [stack: 0x0000003880800000,0x0000003880900000] [id=11976]
  0x000001d57b97d5a0 WorkerThread "GC Thread#5" [stack: 0x0000003880900000,0x0000003880a00000] [id=10412]
  0x000001d57b97e3b0 WorkerThread "GC Thread#6" [stack: 0x0000003880a00000,0x0000003880b00000] [id=8720]
  0x000001d57b97d870 WorkerThread "GC Thread#7" [stack: 0x0000003880b00000,0x0000003880c00000] [id=9784]
  0x000001d57b97cd30 WorkerThread "GC Thread#8" [stack: 0x0000003880c00000,0x0000003880d00000] [id=16920]
=>0x000001d57b97e680 WorkerThread "GC Thread#9" [stack: 0x0000003880d00000,0x0000003880e00000] [id=7256]
  0x000001d56620dcd0 ConcurrentGCThread "G1 Main Marker" [stack: 0x00000038fee00000,0x00000038fef00000] [id=4000]
  0x000001d563ecc1b0 WorkerThread "G1 Conc#0" [stack: 0x00000038fef00000,0x00000038ff000000] [id=18936]
  0x000001d57c10a2d0 WorkerThread "G1 Conc#1" [stack: 0x0000003880f00000,0x0000003881000000] [id=8176]
  0x000001d57c10c1c0 WorkerThread "G1 Conc#2" [stack: 0x0000003881000000,0x0000003881100000] [id=17084]
  0x000001d56624e6f0 ConcurrentGCThread "G1 Refine#0" [stack: 0x00000038ff000000,0x00000038ff100000] [id=4244]
  0x000001d576308010 ConcurrentGCThread "G1 Service" [stack: 0x00000038ff100000,0x00000038ff200000] [id=4736]

Threads with active compile tasks:

VM state: at safepoint (normal execution)

VM Mutex/Monitor currently owned by a thread:  ([mutex/lock_event])
[0x000001d563e27550] FreeList_lock - owner thread: 0x000001d57b97e680
[0x000001d5661a0bb0] Threads_lock - owner thread: 0x000001d57644ffa0
[0x000001d5661a0cd0] Heap_lock - owner thread: 0x000001d57e3e4060

Heap address: 0x000000008a600000, size: 1882 MB, Compressed Oops mode: 32-bit

CDS archive(s) mapped at: [0x000001d500000000-0x000001d500c60000-0x000001d500c60000), size 12976128, SharedBaseAddress: 0x000001d500000000, ArchiveRelocationMode: 1.
Compressed class space mapped at: 0x000001d501000000-0x000001d541000000, reserved size: 1073741824
Narrow klass base: 0x000001d500000000, Narrow klass shift: 0, Narrow klass range: 0x100000000

GC Precious Log:
 CardTable entry size: 512
 Card Set container configuration: InlinePtr #cards 5 size 8 Array Of Cards #cards 12 size 40 Howl #buckets 4 coarsen threshold 1843 Howl Bitmap #cards 512 size 80 coarsen threshold 460 Card regions per heap region 1 cards per card region 2048
 CPUs: 12 total, 12 available
 Memory: 7521M
 Large Page Support: Disabled
 NUMA Support: Disabled
 Compressed Oops: Enabled (32-bit)
 Heap Region Size: 1M
 Heap Min Capacity: 8M
 Heap Initial Capacity: 118M
 Heap Max Capacity: 1882M
 Pre-touch: Disabled
 Parallel Workers: 10
 Concurrent Workers: 3
 Concurrent Refinement Workers: 10
 Periodic GC: Disabled

Heap:
 garbage-first heap   total 70656K, used 62712K [0x000000008a600000, 0x0000000100000000)
  region size 1024K, 25 young (25600K), 2 survivors (2048K)
 Metaspace       used 83230K, committed 83968K, reserved 1179648K
  class space    used 11802K, committed 12160K, reserved 1048576K

Heap Regions: E=young(eden), S=young(survivor), O=old, HS=humongous(starts), HC=humongous(continues), CS=collection set, F=free, OA=open archive, CA=closed archive, TAMS=top-at-mark-start, PB=parsable bottom
|   0|0x000000008a600000, 0x000000008a700000, 0x000000008a700000|100%|HS|  |TAMS 0x000000008a600000| PB 0x000000008a600000| Complete 
|   1|0x000000008a700000, 0x000000008a800000, 0x000000008a800000|100%|HS|  |TAMS 0x000000008a700000| PB 0x000000008a700000| Complete 
|   2|0x000000008a800000, 0x000000008a900000, 0x000000008a900000|100%|HS|  |TAMS 0x000000008a800000| PB 0x000000008a800000| Complete 
|   3|0x000000008a900000, 0x000000008aa00000, 0x000000008aa00000|100%| O|  |TAMS 0x000000008a900000| PB 0x000000008a900000| Untracked 
|   4|0x000000008aa00000, 0x000000008ab00000, 0x000000008ab00000|100%| O|  |TAMS 0x000000008aa00000| PB 0x000000008aa00000| Untracked 
|   5|0x000000008ab00000, 0x000000008ac00000, 0x000000008ac00000|100%| O|  |TAMS 0x000000008ab00000| PB 0x000000008ab00000| Untracked 
|   6|0x000000008ac00000, 0x000000008ad00000, 0x000000008ad00000|100%| O|  |TAMS 0x000000008ac00000| PB 0x000000008ac00000| Untracked 
|   7|0x000000008ad00000, 0x000000008ae00000, 0x000000008ae00000|100%| O|  |TAMS 0x000000008ad00000| PB 0x000000008ad00000| Untracked 
|   8|0x000000008ae00000, 0x000000008af00000, 0x000000008af00000|100%| O|  |TAMS 0x000000008ae00000| PB 0x000000008ae00000| Untracked 
|   9|0x000000008af00000, 0x000000008b000000, 0x000000008b000000|100%| O|  |TAMS 0x000000008af00000| PB 0x000000008af00000| Untracked 
|  10|0x000000008b000000, 0x000000008b100000, 0x000000008b100000|100%| O|  |TAMS 0x000000008b000000| PB 0x000000008b000000| Complete 
|  11|0x000000008b100000, 0x000000008b200000, 0x000000008b200000|100%| O|  |TAMS 0x000000008b100000| PB 0x000000008b100000| Untracked 
|  12|0x000000008b200000, 0x000000008b300000, 0x000000008b300000|100%| O|  |TAMS 0x000000008b200000| PB 0x000000008b200000| Untracked 
|  13|0x000000008b300000, 0x000000008b400000, 0x000000008b400000|100%| O|  |TAMS 0x000000008b300000| PB 0x000000008b300000| Untracked 
|  14|0x000000008b400000, 0x000000008b500000, 0x000000008b500000|100%| O|CS|TAMS 0x000000008b400000| PB 0x000000008b400000| Complete 
|  15|0x000000008b500000, 0x000000008b600000, 0x000000008b600000|100%| O|  |TAMS 0x000000008b500000| PB 0x000000008b500000| Untracked 
|  16|0x000000008b600000, 0x000000008b700000, 0x000000008b700000|100%| O|  |TAMS 0x000000008b600000| PB 0x000000008b600000| Untracked 
|  17|0x000000008b700000, 0x000000008b800000, 0x000000008b800000|100%| O|  |TAMS 0x000000008b700000| PB 0x000000008b700000| Untracked 
|  18|0x000000008b800000, 0x000000008b900000, 0x000000008b900000|100%| O|  |TAMS 0x000000008b800000| PB 0x000000008b800000| Untracked 
|  19|0x000000008b900000, 0x000000008ba00000, 0x000000008ba00000|100%| O|  |TAMS 0x000000008b900000| PB 0x000000008b900000| Untracked 
|  20|0x000000008ba00000, 0x000000008bb00000, 0x000000008bb00000|100%| O|  |TAMS 0x000000008ba00000| PB 0x000000008ba00000| Untracked 
|  21|0x000000008bb00000, 0x000000008bc00000, 0x000000008bc00000|100%| O|  |TAMS 0x000000008bb00000| PB 0x000000008bb00000| Complete 
|  22|0x000000008bc00000, 0x000000008bd00000, 0x000000008bd00000|100%| O|  |TAMS 0x000000008bc00000| PB 0x000000008bc00000| Untracked 
|  23|0x000000008bd00000, 0x000000008be00000, 0x000000008be00000|100%| O|  |TAMS 0x000000008bd00000| PB 0x000000008bd00000| Untracked 
|  24|0x000000008be00000, 0x000000008bf00000, 0x000000008bf00000|100%| O|  |TAMS 0x000000008be00000| PB 0x000000008be00000| Untracked 
|  25|0x000000008bf00000, 0x000000008c000000, 0x000000008c000000|100%| O|  |TAMS 0x000000008bf00000| PB 0x000000008bf00000| Untracked 
|  26|0x000000008c000000, 0x000000008c100000, 0x000000008c100000|100%| O|  |TAMS 0x000000008c000000| PB 0x000000008c000000| Complete 
|  27|0x000000008c100000, 0x000000008c200000, 0x000000008c200000|100%| O|  |TAMS 0x000000008c100000| PB 0x000000008c100000| Untracked 
|  28|0x000000008c200000, 0x000000008c300000, 0x000000008c300000|100%| O|  |TAMS 0x000000008c200000| PB 0x000000008c200000| Complete 
|  29|0x000000008c300000, 0x000000008c400000, 0x000000008c400000|100%| O|CS|TAMS 0x000000008c300000| PB 0x000000008c300000| Complete 
|  30|0x000000008c400000, 0x000000008c500000, 0x000000008c500000|100%| O|  |TAMS 0x000000008c400000| PB 0x000000008c400000| Untracked 
|  31|0x000000008c500000, 0x000000008c600000, 0x000000008c600000|100%| O|CS|TAMS 0x000000008c500000| PB 0x000000008c500000| Complete 
|  32|0x000000008c600000, 0x000000008c700000, 0x000000008c700000|100%| O|CS|TAMS 0x000000008c600000| PB 0x000000008c600000| Complete 
|  33|0x000000008c700000, 0x000000008c800000, 0x000000008c800000|100%| O|CS|TAMS 0x000000008c700000| PB 0x000000008c700000| Complete 
|  34|0x000000008c800000, 0x000000008c900000, 0x000000008c900000|100%| O|CS|TAMS 0x000000008c800000| PB 0x000000008c800000| Complete 
|  35|0x000000008c900000, 0x000000008ca00000, 0x000000008ca00000|100%| O|  |TAMS 0x000000008c900000| PB 0x000000008c900000| Untracked 
|  36|0x000000008ca00000, 0x000000008cb00000, 0x000000008cb00000|100%| O|CS|TAMS 0x000000008ca00000| PB 0x000000008ca00000| Complete 
|  37|0x000000008cb00000, 0x000000008cc00000, 0x000000008cc00000|100%| O|  |TAMS 0x000000008cb00000| PB 0x000000008cb00000| Untracked 
|  38|0x000000008cc00000, 0x000000008cd00000, 0x000000008cd00000|100%| O|  |TAMS 0x000000008cc00000| PB 0x000000008cc00000| Untracked 
|  39|0x000000008cd00000, 0x000000008cd3e290, 0x000000008ce00000| 24%| E|CS|TAMS 0x000000008cd00000| PB 0x000000008cd00000| Complete 
|  40|0x000000008ce00000, 0x000000008cf00000, 0x000000008cf00000|100%| E|CS|TAMS 0x000000008ce00000| PB 0x000000008ce00000| Complete 
|  41|0x000000008cf00000, 0x000000008d000000, 0x000000008d000000|100%| E|CS|TAMS 0x000000008cf00000| PB 0x000000008cf00000| Complete 
|  42|0x000000008d000000, 0x000000008d100000, 0x000000008d100000|100%| O|  |TAMS 0x000000008d000000| PB 0x000000008d000000| Untracked 
|  43|0x000000008d100000, 0x000000008d17ab20, 0x000000008d200000| 47%| O|  |TAMS 0x000000008d100000| PB 0x000000008d100000| Untracked 
|  44|0x000000008d200000, 0x000000008d300000, 0x000000008d300000|100%| S|  |TAMS 0x000000008d200000| PB 0x000000008d200000| Complete 
|  45|0x000000008d300000, 0x000000008d400000, 0x000000008d400000|100%| S|  |TAMS 0x000000008d300000| PB 0x000000008d300000| Complete 
|  46|0x000000008d400000, 0x000000008d500000, 0x000000008d500000|100%| E|CS|TAMS 0x000000008d400000| PB 0x000000008d400000| Complete 
|  47|0x000000008d500000, 0x000000008d600000, 0x000000008d600000|100%| E|CS|TAMS 0x000000008d500000| PB 0x000000008d500000| Complete 
|  48|0x000000008d600000, 0x000000008d700000, 0x000000008d700000|100%| E|CS|TAMS 0x000000008d600000| PB 0x000000008d600000| Complete 
|  49|0x000000008d700000, 0x000000008d800000, 0x000000008d800000|100%| E|CS|TAMS 0x000000008d700000| PB 0x000000008d700000| Complete 
|  50|0x000000008d800000, 0x000000008d900000, 0x000000008d900000|100%| E|CS|TAMS 0x000000008d800000| PB 0x000000008d800000| Complete 
|  51|0x000000008d900000, 0x000000008da00000, 0x000000008da00000|100%| E|CS|TAMS 0x000000008d900000| PB 0x000000008d900000| Complete 
|  52|0x000000008da00000, 0x000000008db00000, 0x000000008db00000|100%| E|CS|TAMS 0x000000008da00000| PB 0x000000008da00000| Complete 
|  53|0x000000008db00000, 0x000000008dc00000, 0x000000008dc00000|100%| E|CS|TAMS 0x000000008db00000| PB 0x000000008db00000| Complete 
|  54|0x000000008dc00000, 0x000000008dd00000, 0x000000008dd00000|100%| E|CS|TAMS 0x000000008dc00000| PB 0x000000008dc00000| Complete 
|  55|0x000000008dd00000, 0x000000008de00000, 0x000000008de00000|100%| E|CS|TAMS 0x000000008dd00000| PB 0x000000008dd00000| Complete 
|  56|0x000000008de00000, 0x000000008df00000, 0x000000008df00000|100%| E|CS|TAMS 0x000000008de00000| PB 0x000000008de00000| Complete 
|  57|0x000000008df00000, 0x000000008e000000, 0x000000008e000000|100%| E|CS|TAMS 0x000000008df00000| PB 0x000000008df00000| Complete 
|  58|0x000000008e000000, 0x000000008e100000, 0x000000008e100000|100%| E|CS|TAMS 0x000000008e000000| PB 0x000000008e000000| Complete 
|  59|0x000000008e100000, 0x000000008e200000, 0x000000008e200000|100%| E|CS|TAMS 0x000000008e100000| PB 0x000000008e100000| Complete 
|  60|0x000000008e200000, 0x000000008e300000, 0x000000008e300000|100%| E|CS|TAMS 0x000000008e200000| PB 0x000000008e200000| Complete 
|  61|0x000000008e300000, 0x000000008e400000, 0x000000008e400000|100%| E|CS|TAMS 0x000000008e300000| PB 0x000000008e300000| Complete 
|  62|0x000000008e400000, 0x000000008e500000, 0x000000008e500000|100%| E|CS|TAMS 0x000000008e400000| PB 0x000000008e400000| Complete 
|  72|0x000000008ee00000, 0x000000008ef00000, 0x000000008ef00000|100%| E|CS|TAMS 0x000000008ee00000| PB 0x000000008ee00000| Complete 
|  73|0x000000008ef00000, 0x000000008f000000, 0x000000008f000000|100%| E|CS|TAMS 0x000000008ef00000| PB 0x000000008ef00000| Complete 
|  74|0x000000008f000000, 0x000000008f100000, 0x000000008f100000|100%| E|CS|TAMS 0x000000008f000000| PB 0x000000008f000000| Complete 
|  75|0x000000008f100000, 0x000000008f200000, 0x000000008f200000|100%| E|CS|TAMS 0x000000008f100000| PB 0x000000008f100000| Complete 
|  76|0x000000008f200000, 0x000000008f300000, 0x000000008f300000|100%| E|CS|TAMS 0x000000008f200000| PB 0x000000008f200000| Complete 
| 117|0x0000000091b00000, 0x0000000091c00000, 0x0000000091c00000|100%| E|CS|TAMS 0x0000000091b00000| PB 0x0000000091b00000| Complete 

Card table byte_map: [0x000001d571ba0000,0x000001d571f50000] _byte_map_base: 0x000001d57174d000

Marking Bits: (CMBitMap*) 0x000001d563ecafd0
 Bits: [0x000001d572300000, 0x000001d574068000)

Polling page: 0x000001d564080000

Metaspace:

Usage:
  Non-class:     69.75 MB used.
      Class:     11.53 MB used.
       Both:     81.28 MB used.

Virtual space:
  Non-class space:      128.00 MB reserved,      70.12 MB ( 55%) committed,  2 nodes.
      Class space:        1.00 GB reserved,      11.88 MB (  1%) committed,  1 nodes.
             Both:        1.12 GB reserved,      82.00 MB (  7%) committed. 

Chunk freelists:
   Non-Class:  1.88 MB
       Class:  78.00 KB
        Both:  1.95 MB

MaxMetaspaceSize: unlimited
CompressedClassSpaceSize: 1.00 GB
Initial GC threshold: 21.00 MB
Current GC threshold: 127.19 MB
CDS: on
MetaspaceReclaimPolicy: balanced
 - commit_granule_bytes: 65536.
 - commit_granule_words: 8192.
 - virtual_space_node_default_size: 8388608.
 - enlarge_chunks_in_place: 1.
 - new_chunks_are_fully_committed: 0.
 - uncommit_free_chunks: 1.
 - use_allocation_guard: 0.


Internal statistics:

num_allocs_failed_limit: 9.
num_arena_births: 1572.
num_arena_deaths: 512.
num_vsnodes_births: 3.
num_vsnodes_deaths: 0.
num_space_committed: 1312.
num_space_uncommitted: 0.
num_chunks_returned_to_freelist: 611.
num_chunks_taken_from_freelist: 4761.
num_chunk_merges: 174.
num_chunk_splits: 3153.
num_chunks_enlarged: 2359.
num_inconsistent_stats: 0.

CodeCache: size=49152Kb used=16299Kb max_used=17482Kb free=32852Kb
 bounds [0x000001d56e4c0000, 0x000001d56f5f0000, 0x000001d5714c0000]
 total_blobs=10222 nmethods=9450 adapters=696
 compilation: enabled
              stopped_count=0, restarted_count=0
 full_count=0

Compilation events (20 events):
Event: 1610.974 Thread 0x000001d576484580 10582       1       org.hibernate.type.descriptor.java.JavaType::isInstance (11 bytes)
Event: 1610.974 Thread 0x000001d576484580 nmethod 10582 0x000001d56f5d0810 code [0x000001d56f5d09a0, 0x000001d56f5d0ab0]
Event: 1610.976 Thread 0x000001d576484580 10583       1       org.hibernate.sql.results.graph.collection.internal.AbstractCollectionInitializer::getCollectionInstance (29 bytes)
Event: 1610.976 Thread 0x000001d576484580 nmethod 10583 0x000001d56f5d0410 code [0x000001d56f5d05a0, 0x000001d56f5d0720]
Event: 1610.976 Thread 0x000001d576484580 10584       1       org.hibernate.engine.spi.ActionQueue::isOrderUpdatesEnabled (20 bytes)
Event: 1610.979 Thread 0x000001d576484580 nmethod 10584 0x000001d56f5cff90 code [0x000001d56f5d0120, 0x000001d56f5d0280]
Event: 1610.979 Thread 0x000001d576484580 10585       1       jdk.internal.reflect.MethodHandleIntegerFieldAccessorImpl::set (134 bytes)
Event: 1610.984 Thread 0x000001d576484580 nmethod 10585 0x000001d56f5ced10 code [0x000001d56f5cefc0, 0x000001d56f5cf998]
Event: 1610.984 Thread 0x000001d576484580 10587       1       java.lang.invoke.DirectMethodHandle$Holder::putInt (29 bytes)
Event: 1610.984 Thread 0x000001d576484580 nmethod 10587 0x000001d56f5ce890 code [0x000001d56f5cea20, 0x000001d56f5cebb8]
Event: 1610.984 Thread 0x000001d576484580 10586   !   1       jdk.internal.reflect.MethodHandleIntegerFieldAccessorImpl::setInt (68 bytes)
Event: 1610.988 Thread 0x000001d576484580 nmethod 10586 0x000001d56f5cd810 code [0x000001d56f5cda80, 0x000001d56f5ce1a8]
Event: 1627.155 Thread 0x000001d576484580 10588       1       java.net.URI$Parser::scan (23 bytes)
Event: 1627.156 Thread 0x000001d576484580 nmethod 10588 0x000001d56f5cd290 code [0x000001d56f5cd420, 0x000001d56f5cd638]
Event: 1648.472 Thread 0x000001d576484580 10589       1       java.util.concurrent.locks.AbstractQueuedSynchronizer::acquireInterruptibly (36 bytes)
Event: 1648.473 Thread 0x000001d576484580 nmethod 10589 0x000001d56f5ccd10 code [0x000001d56f5ccec0, 0x000001d56f5cd130]
Event: 1683.735 Thread 0x000001d576484580 10590   !   1       org.apache.catalina.core.StandardContext::unbind (92 bytes)
Event: 1683.738 Thread 0x000001d576484580 nmethod 10590 0x000001d56f5cc110 code [0x000001d56f5cc320, 0x000001d56f5cc958]
Event: 1743.692 Thread 0x000001d576484580 10591       1       com.zaxxer.hikari.HikariConfig::getMaximumPoolSize (5 bytes)
Event: 1743.693 Thread 0x000001d576484580 nmethod 10591 0x000001d56f5cbe10 code [0x000001d56f5cbf80, 0x000001d56f5cc048]

GC Heap History (20 events):
Event: 3.775 GC heap after
{Heap after GC invocations=11 (full 0):
 garbage-first heap   total 70656K, used 27728K [0x000000008a600000, 0x0000000100000000)
  region size 1024K, 4 young (4096K), 4 survivors (4096K)
 Metaspace       used 53356K, committed 54016K, reserved 1114112K
  class space    used 7538K, committed 7808K, reserved 1048576K
}
Event: 4.439 GC heap before
{Heap before GC invocations=11 (full 0):
 garbage-first heap   total 70656K, used 61520K [0x000000008a600000, 0x0000000100000000)
  region size 1024K, 37 young (37888K), 4 survivors (4096K)
 Metaspace       used 59369K, committed 60096K, reserved 1114112K
  class space    used 8419K, committed 8704K, reserved 1048576K
}
Event: 4.442 GC heap after
{Heap after GC invocations=12 (full 0):
 garbage-first heap   total 70656K, used 29570K [0x000000008a600000, 0x0000000100000000)
  region size 1024K, 4 young (4096K), 4 survivors (4096K)
 Metaspace       used 59369K, committed 60096K, reserved 1114112K
  class space    used 8419K, committed 8704K, reserved 1048576K
}
Event: 4.469 GC heap before
{Heap before GC invocations=12 (full 0):
 garbage-first heap   total 70656K, used 30594K [0x000000008a600000, 0x0000000100000000)
  region size 1024K, 6 young (6144K), 4 survivors (4096K)
 Metaspace       used 59795K, committed 60480K, reserved 1114112K
  class space    used 8465K, committed 8768K, reserved 1048576K
}
Event: 4.471 GC heap after
{Heap after GC invocations=13 (full 0):
 garbage-first heap   total 70656K, used 30139K [0x000000008a600000, 0x0000000100000000)
  region size 1024K, 3 young (3072K), 3 survivors (3072K)
 Metaspace       used 59795K, committed 60480K, reserved 1114112K
  class space    used 8465K, committed 8768K, reserved 1048576K
}
Event: 4.859 GC heap before
{Heap before GC invocations=14 (full 0):
 garbage-first heap   total 70656K, used 60859K [0x000000008a600000, 0x0000000100000000)
  region size 1024K, 33 young (33792K), 3 survivors (3072K)
 Metaspace       used 64207K, committed 65024K, reserved 1114112K
  class space    used 9181K, committed 9536K, reserved 1048576K
}
Event: 4.861 GC heap after
{Heap after GC invocations=15 (full 0):
 garbage-first heap   total 70656K, used 32527K [0x000000008a600000, 0x0000000100000000)
  region size 1024K, 5 young (5120K), 5 survivors (5120K)
 Metaspace       used 64207K, committed 65024K, reserved 1114112K
  class space    used 9181K, committed 9536K, reserved 1048576K
}
Event: 5.199 GC heap before
{Heap before GC invocations=15 (full 0):
 garbage-first heap   total 70656K, used 61199K [0x000000008a600000, 0x0000000100000000)
  region size 1024K, 33 young (33792K), 5 survivors (5120K)
 Metaspace       used 68004K, committed 68800K, reserved 1114112K
  class space    used 9727K, committed 10112K, reserved 1048576K
}
Event: 5.203 GC heap after
{Heap after GC invocations=16 (full 0):
 garbage-first heap   total 70656K, used 34666K [0x000000008a600000, 0x0000000100000000)
  region size 1024K, 5 young (5120K), 5 survivors (5120K)
 Metaspace       used 68004K, committed 68800K, reserved 1114112K
  class space    used 9727K, committed 10112K, reserved 1048576K
}
Event: 39.264 GC heap before
{Heap before GC invocations=16 (full 0):
 garbage-first heap   total 70656K, used 60266K [0x000000008a600000, 0x0000000100000000)
  region size 1024K, 31 young (31744K), 5 survivors (5120K)
 Metaspace       used 72307K, committed 73216K, reserved 1114112K
  class space    used 10384K, committed 10816K, reserved 1048576K
}
Event: 39.268 GC heap after
{Heap after GC invocations=17 (full 0):
 garbage-first heap   total 70656K, used 36888K [0x000000008a600000, 0x0000000100000000)
  region size 1024K, 3 young (3072K), 3 survivors (3072K)
 Metaspace       used 72307K, committed 73216K, reserved 1114112K
  class space    used 10384K, committed 10816K, reserved 1048576K
}
Event: 330.473 GC heap before
{Heap before GC invocations=17 (full 0):
 garbage-first heap   total 70656K, used 61464K [0x000000008a600000, 0x0000000100000000)
  region size 1024K, 28 young (28672K), 3 survivors (3072K)
 Metaspace       used 76555K, committed 77504K, reserved 1179648K
  class space    used 10959K, committed 11392K, reserved 1048576K
}
Event: 330.498 GC heap after
{Heap after GC invocations=18 (full 0):
 garbage-first heap   total 70656K, used 38270K [0x000000008a600000, 0x0000000100000000)
  region size 1024K, 2 young (2048K), 2 survivors (2048K)
 Metaspace       used 76555K, committed 77504K, reserved 1179648K
  class space    used 10959K, committed 11392K, reserved 1048576K
}
Event: 843.067 GC heap before
{Heap before GC invocations=19 (full 0):
 garbage-first heap   total 70656K, used 62846K [0x000000008a600000, 0x0000000100000000)
  region size 1024K, 27 young (27648K), 2 survivors (2048K)
 Metaspace       used 77266K, committed 78144K, reserved 1179648K
  class space    used 11071K, committed 11520K, reserved 1048576K
}
Event: 843.096 GC heap after
{Heap after GC invocations=20 (full 0):
 garbage-first heap   total 70656K, used 38778K [0x000000008a600000, 0x0000000100000000)
  region size 1024K, 2 young (2048K), 2 survivors (2048K)
 Metaspace       used 77266K, committed 78144K, reserved 1179648K
  class space    used 11071K, committed 11520K, reserved 1048576K
}
Event: 1160.557 GC heap before
{Heap before GC invocations=20 (full 0):
 garbage-first heap   total 70656K, used 51066K [0x000000008a600000, 0x0000000100000000)
  region size 1024K, 15 young (15360K), 2 survivors (2048K)
 Metaspace       used 77321K, committed 78144K, reserved 1179648K
  class space    used 11084K, committed 11520K, reserved 1048576K
}
Event: 1160.582 GC heap after
{Heap after GC invocations=21 (full 0):
 garbage-first heap   total 70656K, used 38534K [0x000000008a600000, 0x0000000100000000)
  region size 1024K, 2 young (2048K), 2 survivors (2048K)
 Metaspace       used 77321K, committed 78144K, reserved 1179648K
  class space    used 11084K, committed 11520K, reserved 1048576K
}
Event: 1574.659 GC heap before
{Heap before GC invocations=22 (full 0):
 garbage-first heap   total 70656K, used 63110K [0x000000008a600000, 0x0000000100000000)
  region size 1024K, 27 young (27648K), 2 survivors (2048K)
 Metaspace       used 78590K, committed 79360K, reserved 1179648K
  class space    used 11271K, committed 11584K, reserved 1048576K
}
Event: 1574.679 GC heap after
{Heap after GC invocations=23 (full 0):
 garbage-first heap   total 70656K, used 39160K [0x000000008a600000, 0x0000000100000000)
  region size 1024K, 3 young (3072K), 3 survivors (3072K)
 Metaspace       used 78590K, committed 79360K, reserved 1179648K
  class space    used 11271K, committed 11584K, reserved 1048576K
}
Event: 1765.273 GC heap before
{Heap before GC invocations=23 (full 0):
 garbage-first heap   total 70656K, used 61688K [0x000000008a600000, 0x0000000100000000)
  region size 1024K, 26 young (26624K), 3 survivors (3072K)
 Metaspace       used 83230K, committed 83968K, reserved 1179648K
  class space    used 11802K, committed 12160K, reserved 1048576K
}

Dll operation events (13 events):
Event: 0.021 Loaded shared library C:\Users\picav\.jdks\corretto-20.0.2.1\bin\java.dll
Event: 0.035 Loaded shared library C:\Users\picav\.jdks\corretto-20.0.2.1\bin\jsvml.dll
Event: 0.115 Loaded shared library C:\Users\picav\.jdks\corretto-20.0.2.1\bin\zip.dll
Event: 0.118 Loaded shared library C:\Users\picav\.jdks\corretto-20.0.2.1\bin\instrument.dll
Event: 0.120 Loaded shared library C:\Users\picav\.jdks\corretto-20.0.2.1\bin\net.dll
Event: 0.122 Loaded shared library C:\Users\picav\.jdks\corretto-20.0.2.1\bin\nio.dll
Event: 0.124 Loaded shared library C:\Users\picav\.jdks\corretto-20.0.2.1\bin\zip.dll
Event: 0.215 Loaded shared library C:\Users\picav\.jdks\corretto-20.0.2.1\bin\jimage.dll
Event: 0.219 Loaded shared library C:\Users\picav\.jdks\corretto-20.0.2.1\bin\extnet.dll
Event: 0.233 Loaded shared library C:\Users\picav\.jdks\corretto-20.0.2.1\bin\management.dll
Event: 0.249 Loaded shared library C:\Users\picav\.jdks\corretto-20.0.2.1\bin\management_ext.dll
Event: 1.372 Loaded shared library C:\Users\picav\.jdks\corretto-20.0.2.1\bin\sunmscapi.dll
Event: 2.698 Loaded shared library C:\Users\picav\.jdks\corretto-20.0.2.1\bin\verify.dll

Deoptimization events (20 events):
Event: 2.346 Thread 0x000001d5661a29f0 DEOPT PACKING pc=0x000001d56ede9ded sp=0x00000038fecfc500
Event: 2.346 Thread 0x000001d5661a29f0 DEOPT UNPACKING pc=0x000001d56e52a4c2 sp=0x00000038fecfba68 mode 3
Event: 5.203 Thread 0x000001d576437f60 DEOPT PACKING pc=0x000001d56ead2864 sp=0x00000038ffaff1d0
Event: 5.203 Thread 0x000001d576437f60 DEOPT UNPACKING pc=0x000001d56e52a4c2 sp=0x00000038ffafe718 mode 0
Event: 5.207 Thread 0x000001d57b824e40 DEOPT PACKING pc=0x000001d56e77579c sp=0x00000038802feaa0
Event: 5.207 Thread 0x000001d57b824e40 DEOPT UNPACKING pc=0x000001d56e52a4c2 sp=0x00000038802fdfe0 mode 0
Event: 7.852 Thread 0x000001d57d002de0 DEOPT PACKING pc=0x000001d56ead2864 sp=0x00000038813fef20
Event: 7.852 Thread 0x000001d57d002de0 DEOPT UNPACKING pc=0x000001d56e52a4c2 sp=0x00000038813fe468 mode 0
Event: 33.121 Thread 0x000001d57d004870 DEOPT PACKING pc=0x000001d56ead2864 sp=0x00000038815feef0
Event: 33.121 Thread 0x000001d57d004870 DEOPT UNPACKING pc=0x000001d56e52a4c2 sp=0x00000038815fe438 mode 0
Event: 39.309 Thread 0x000001d57e3e4060 DEOPT PACKING pc=0x000001d56f170e1c sp=0x00000038817fed50
Event: 39.309 Thread 0x000001d57e3e4060 DEOPT UNPACKING pc=0x000001d56e52a4c2 sp=0x00000038817fe1e8 mode 0
Event: 45.515 Thread 0x000001d57b824e40 DEOPT PACKING pc=0x000001d56f170e1c sp=0x00000038802fe8f0
Event: 45.515 Thread 0x000001d57b824e40 DEOPT UNPACKING pc=0x000001d56e52a4c2 sp=0x00000038802fdd88 mode 0
Event: 405.325 Thread 0x000001d57d009d70 DEOPT PACKING pc=0x000001d56f1eea8e sp=0x00000038821fab70
Event: 405.325 Thread 0x000001d57d009d70 DEOPT UNPACKING pc=0x000001d56e52a4c2 sp=0x00000038821fa078 mode 3
Event: 430.846 Thread 0x000001d57d0082e0 DEOPT PACKING pc=0x000001d56f1a44cf sp=0x00000038820fa830
Event: 430.846 Thread 0x000001d57d0082e0 DEOPT UNPACKING pc=0x000001d56e52a4c2 sp=0x00000038820f9e18 mode 3
Event: 1575.653 Thread 0x000001d57d008830 DEOPT PACKING pc=0x000001d56e5e9d9b sp=0x0000003881efae10
Event: 1575.653 Thread 0x000001d57d008830 DEOPT UNPACKING pc=0x000001d56e52a4c2 sp=0x0000003881efa200 mode 3

Classes loaded (20 events):
Event: 1575.405 Loading class com/sun/crypto/provider/GaloisCounterMode$GCMEncrypt
Event: 1575.406 Loading class com/sun/crypto/provider/GaloisCounterMode$GCMEncrypt done
Event: 1575.406 Loading class com/sun/crypto/provider/GaloisCounterMode$EncryptOp
Event: 1575.406 Loading class com/sun/crypto/provider/GaloisCounterMode$EncryptOp done
Event: 1575.406 Loading class javax/net/ssl/SSLEngineResult$HandshakeStatus
Event: 1575.406 Loading class javax/net/ssl/SSLEngineResult$HandshakeStatus done
Event: 1575.406 Loading class jdk/internal/event/TLSHandshakeEvent
Event: 1575.407 Loading class jdk/internal/event/TLSHandshakeEvent done
Event: 1575.470 Loading class sun/security/ssl/PostHandshakeContext
Event: 1575.470 Loading class sun/security/ssl/PostHandshakeContext done
Event: 1575.470 Loading class sun/security/ssl/NewSessionTicket$T13NewSessionTicketMessage
Event: 1575.471 Loading class sun/security/ssl/NewSessionTicket$NewSessionTicketMessage
Event: 1575.471 Loading class sun/security/ssl/NewSessionTicket$NewSessionTicketMessage done
Event: 1575.471 Loading class sun/security/ssl/NewSessionTicket$T13NewSessionTicketMessage done
Event: 1576.654 Loading class sun/security/ssl/Alert
Event: 1576.703 Loading class sun/security/ssl/Alert done
Event: 1576.703 Loading class sun/security/ssl/Alert$AlertConsumer
Event: 1576.705 Loading class sun/security/ssl/Alert$AlertConsumer done
Event: 1576.705 Loading class sun/security/ssl/Alert$Level
Event: 1576.705 Loading class sun/security/ssl/Alert$Level done

Classes unloaded (20 events):
Event: 1160.641 Thread 0x000001d57644ffa0 Unloading class 0x000001d501a6d400 'java/lang/invoke/LambdaForm$MH+0x000001d501a6d400'
Event: 1160.641 Thread 0x000001d57644ffa0 Unloading class 0x000001d501a6d000 'java/lang/invoke/LambdaForm$MH+0x000001d501a6d000'
Event: 1160.641 Thread 0x000001d57644ffa0 Unloading class 0x000001d501a6cc00 'java/lang/invoke/LambdaForm$MH+0x000001d501a6cc00'
Event: 1160.641 Thread 0x000001d57644ffa0 Unloading class 0x000001d501a6c800 'java/lang/invoke/LambdaForm$MH+0x000001d501a6c800'
Event: 1160.641 Thread 0x000001d57644ffa0 Unloading class 0x000001d501a6c000 'jdk/internal/reflect/GeneratedSerializationConstructorAccessor28'
Event: 1160.641 Thread 0x000001d57644ffa0 Unloading class 0x000001d501a60000 'java/lang/invoke/LambdaForm$MH+0x000001d501a60000'
Event: 1160.641 Thread 0x000001d57644ffa0 Unloading class 0x000001d501a52000 'java/lang/invoke/LambdaForm$MH+0x000001d501a52000'
Event: 1160.641 Thread 0x000001d57644ffa0 Unloading class 0x000001d501a51c00 'java/lang/invoke/LambdaForm$MH+0x000001d501a51c00'
Event: 1160.641 Thread 0x000001d57644ffa0 Unloading class 0x000001d501a51800 'java/lang/invoke/LambdaForm$MH+0x000001d501a51800'
Event: 1160.641 Thread 0x000001d57644ffa0 Unloading class 0x000001d501a51000 'java/lang/invoke/LambdaForm$MH+0x000001d501a51000'
Event: 1160.641 Thread 0x000001d57644ffa0 Unloading class 0x000001d501a50c00 'java/lang/invoke/LambdaForm$MH+0x000001d501a50c00'
Event: 1160.642 Thread 0x000001d57644ffa0 Unloading class 0x000001d501a39000 'java/lang/invoke/LambdaForm$MH+0x000001d501a39000'
Event: 1160.642 Thread 0x000001d57644ffa0 Unloading class 0x000001d501a38800 'java/lang/invoke/LambdaForm$MH+0x000001d501a38800'
Event: 1160.642 Thread 0x000001d57644ffa0 Unloading class 0x000001d501a38400 'java/lang/invoke/LambdaForm$MH+0x000001d501a38400'
Event: 1160.642 Thread 0x000001d57644ffa0 Unloading class 0x000001d501a38000 'java/lang/invoke/LambdaForm$MH+0x000001d501a38000'
Event: 1160.642 Thread 0x000001d57644ffa0 Unloading class 0x000001d501a12000 'java/lang/invoke/LambdaForm$MH+0x000001d501a12000'
Event: 1160.642 Thread 0x000001d57644ffa0 Unloading class 0x000001d501a11c00 'java/lang/invoke/LambdaForm$MH+0x000001d501a11c00'
Event: 1160.642 Thread 0x000001d57644ffa0 Unloading class 0x000001d501a11400 'java/lang/invoke/LambdaForm$MH+0x000001d501a11400'
Event: 1160.642 Thread 0x000001d57644ffa0 Unloading class 0x000001d501a11000 'java/lang/invoke/LambdaForm$MH+0x000001d501a11000'
Event: 1160.642 Thread 0x000001d57644ffa0 Unloading class 0x000001d5019ec000 'jdk/internal/reflect/GeneratedSerializationConstructorAccessor27'

Classes redefined (0 events):
No events

Internal exceptions (20 events):
Event: 1575.649 Thread 0x000001d57d008830 Exception <a 'java/io/FileNotFoundException'{0x000000008db4b6d0}> (0x000000008db4b6d0) 
thrown [s\src\hotspot\share\prims\jni.cpp, line 519]
Event: 1577.097 Thread 0x000001d57d006da0 Exception <a 'java/net/ConnectException'{0x000000008dbe1430}: Connection refused: no further information> (0x000000008dbe1430) 
thrown [s\src\hotspot\share\prims\jni.cpp, line 538]
Event: 1587.109 Thread 0x000001d57d006da0 Exception <a 'java/net/ConnectException'{0x000000008da00e98}: Connection refused: no further information> (0x000000008da00e98) 
thrown [s\src\hotspot\share\prims\jni.cpp, line 538]
Event: 1597.120 Thread 0x000001d57d006da0 Exception <a 'java/net/ConnectException'{0x000000008da02ff8}: Connection refused: no further information> (0x000000008da02ff8) 
thrown [s\src\hotspot\share\prims\jni.cpp, line 538]
Event: 1607.136 Thread 0x000001d57d006da0 Exception <a 'java/net/ConnectException'{0x000000008da687b8}: Connection refused: no further information> (0x000000008da687b8) 
thrown [s\src\hotspot\share\prims\jni.cpp, line 538]
Event: 1617.153 Thread 0x000001d57d006da0 Exception <a 'java/net/ConnectException'{0x000000008d74b1b8}: Connection refused: no further information> (0x000000008d74b1b8) 
thrown [s\src\hotspot\share\prims\jni.cpp, line 538]
Event: 1627.155 Thread 0x000001d57d006da0 Exception <a 'java/net/ConnectException'{0x000000008d74d318}: Connection refused: no further information> (0x000000008d74d318) 
thrown [s\src\hotspot\share\prims\jni.cpp, line 538]
Event: 1637.172 Thread 0x000001d57d006da0 Exception <a 'java/net/ConnectException'{0x000000008d7b0260}: Connection refused: no further information> (0x000000008d7b0260) 
thrown [s\src\hotspot\share\prims\jni.cpp, line 538]
Event: 1647.181 Thread 0x000001d57d006da0 Exception <a 'java/net/ConnectException'{0x000000008d630880}: Connection refused: no further information> (0x000000008d630880) 
thrown [s\src\hotspot\share\prims\jni.cpp, line 538]
Event: 1657.196 Thread 0x000001d57d006da0 Exception <a 'java/net/ConnectException'{0x000000008d661a80}: Connection refused: no further information> (0x000000008d661a80) 
thrown [s\src\hotspot\share\prims\jni.cpp, line 538]
Event: 1667.209 Thread 0x000001d57d006da0 Exception <a 'java/net/ConnectException'{0x000000008d6639c8}: Connection refused: no further information> (0x000000008d6639c8) 
thrown [s\src\hotspot\share\prims\jni.cpp, line 538]
Event: 1677.223 Thread 0x000001d57d006da0 Exception <a 'java/net/ConnectException'{0x000000008d698710}: Connection refused: no further information> (0x000000008d698710) 
thrown [s\src\hotspot\share\prims\jni.cpp, line 538]
Event: 1687.247 Thread 0x000001d57d006da0 Exception <a 'java/net/ConnectException'{0x000000008d530140}: Connection refused: no further information> (0x000000008d530140) 
thrown [s\src\hotspot\share\prims\jni.cpp, line 538]
Event: 1697.266 Thread 0x000001d57d006da0 Exception <a 'java/net/ConnectException'{0x000000008d532088}: Connection refused: no further information> (0x000000008d532088) 
thrown [s\src\hotspot\share\prims\jni.cpp, line 538]
Event: 1707.271 Thread 0x000001d57d006da0 Exception <a 'java/net/ConnectException'{0x000000008d565b70}: Connection refused: no further information> (0x000000008d565b70) 
thrown [s\src\hotspot\share\prims\jni.cpp, line 538]
Event: 1717.280 Thread 0x000001d57d006da0 Exception <a 'java/net/ConnectException'{0x000000008d5fa350}: Connection refused: no further information> (0x000000008d5fa350) 
thrown [s\src\hotspot\share\prims\jni.cpp, line 538]
Event: 1727.294 Thread 0x000001d57d006da0 Exception <a 'java/net/ConnectException'{0x000000008d5fc298}: Connection refused: no further information> (0x000000008d5fc298) 
thrown [s\src\hotspot\share\prims\jni.cpp, line 538]
Event: 1737.320 Thread 0x000001d57d006da0 Exception <a 'java/net/ConnectException'{0x000000008d431738}: Connection refused: no further information> (0x000000008d431738) 
thrown [s\src\hotspot\share\prims\jni.cpp, line 538]
Event: 1747.327 Thread 0x000001d57d006da0 Exception <a 'java/net/ConnectException'{0x000000008d496fb8}: Connection refused: no further information> (0x000000008d496fb8) 
thrown [s\src\hotspot\share\prims\jni.cpp, line 538]
Event: 1757.349 Thread 0x000001d57d006da0 Exception <a 'java/net/ConnectException'{0x000000008d4f7558}: Connection refused: no further information> (0x000000008d4f7558) 
thrown [s\src\hotspot\share\prims\jni.cpp, line 538]

VM Operations (20 events):
Event: 1575.071 Executing VM operation: HandshakeAllThreads done
Event: 1575.090 Executing VM operation: HandshakeAllThreads
Event: 1575.090 Executing VM operation: HandshakeAllThreads done
Event: 1575.168 Executing VM operation: HandshakeAllThreads
Event: 1575.168 Executing VM operation: HandshakeAllThreads done
Event: 1575.202 Executing VM operation: HandshakeAllThreads
Event: 1575.202 Executing VM operation: HandshakeAllThreads done
Event: 1576.212 Executing VM operation: Cleanup
Event: 1576.213 Executing VM operation: Cleanup done
Event: 1577.219 Executing VM operation: Cleanup
Event: 1577.220 Executing VM operation: Cleanup done
Event: 1609.520 Executing VM operation: Cleanup
Event: 1609.521 Executing VM operation: Cleanup done
Event: 1610.525 Executing VM operation: Cleanup
Event: 1610.525 Executing VM operation: Cleanup done
Event: 1611.534 Executing VM operation: Cleanup
Event: 1611.534 Executing VM operation: Cleanup done
Event: 1623.483 Executing VM operation: HandshakeAllThreads
Event: 1623.521 Executing VM operation: HandshakeAllThreads done
Event: 1765.268 Executing VM operation: G1CollectForAllocation

Events (20 events):
Event: 1311.067 Thread 0x000001d57ba51060 Thread added: 0x000001d57ba51060
Event: 1313.730 Thread 0x000001d57ba51060 Thread exited: 0x000001d57ba51060
Event: 1322.510 Thread 0x000001d57ba4ffb0 Thread exited: 0x000001d57ba4ffb0
Event: 1322.510 Thread 0x000001d57ba526a0 Thread exited: 0x000001d57ba526a0
Event: 1331.289 Thread 0x000001d57ba4fa20 Thread added: 0x000001d57ba4fa20
Event: 1344.820 Thread 0x000001d57ba4fa20 Thread exited: 0x000001d57ba4fa20
Event: 1464.578 Thread 0x000001d57ba515f0 Thread added: 0x000001d57ba515f0
Event: 1464.579 Thread 0x000001d57ba526a0 Thread added: 0x000001d57ba526a0
Event: 1464.579 Thread 0x000001d57ba4fa20 Thread added: 0x000001d57ba4fa20
Event: 1472.888 Thread 0x000001d57ba4fa20 Thread exited: 0x000001d57ba4fa20
Event: 1473.599 Thread 0x000001d57ba526a0 Thread exited: 0x000001d57ba526a0
Event: 1473.599 Thread 0x000001d57ba515f0 Thread exited: 0x000001d57ba515f0
Event: 1475.817 Thread 0x000001d57ba526a0 Thread added: 0x000001d57ba526a0
Event: 1476.268 Thread 0x000001d57ba50ad0 Thread added: 0x000001d57ba50ad0
Event: 1476.268 Thread 0x000001d57ba4f490 Thread added: 0x000001d57ba4f490
Event: 1482.270 Thread 0x000001d57ba4f490 Thread exited: 0x000001d57ba4f490
Event: 1487.274 Thread 0x000001d57ba50ad0 Thread exited: 0x000001d57ba50ad0
Event: 1487.274 Thread 0x000001d57ba526a0 Thread exited: 0x000001d57ba526a0
Event: 1574.292 Thread 0x000001d57ba51060 Thread added: 0x000001d57ba51060
Event: 1581.725 Thread 0x000001d57ba51060 Thread exited: 0x000001d57ba51060


Dynamic libraries:
0x00007ff7e2eb0000 - 0x00007ff7e2ebe000 	C:\Users\picav\.jdks\corretto-20.0.2.1\bin\java.exe
0x00007ffced520000 - 0x00007ffced786000 	C:\WINDOWS\SYSTEM32\ntdll.dll
0x00007ffcebbd0000 - 0x00007ffcebc99000 	C:\WINDOWS\System32\KERNEL32.DLL
0x00007ffceacf0000 - 0x00007ffceb0bc000 	C:\WINDOWS\System32\KERNELBASE.dll
0x00007ffcea6b0000 - 0x00007ffcea7fb000 	C:\WINDOWS\System32\ucrtbase.dll
0x00007ffce6ce0000 - 0x00007ffce6cf7000 	C:\Users\picav\.jdks\corretto-20.0.2.1\bin\jli.dll
0x00007ffce4e20000 - 0x00007ffce4e3b000 	C:\Users\picav\.jdks\corretto-20.0.2.1\bin\VCRUNTIME140.dll
0x00007ffcecf20000 - 0x00007ffced0ea000 	C:\WINDOWS\System32\USER32.dll
0x00007ffcd1f80000 - 0x00007ffcd221a000 	C:\WINDOWS\WinSxS\amd64_microsoft.windows.common-controls_6595b64144ccf1df_6.0.26100.3912_none_3e07963ce335137e\COMCTL32.dll
0x00007ffcea980000 - 0x00007ffcea9a7000 	C:\WINDOWS\System32\win32u.dll
0x00007ffcec530000 - 0x00007ffcec5d9000 	C:\WINDOWS\System32\msvcrt.dll
0x00007ffcec7c0000 - 0x00007ffcec7eb000 	C:\WINDOWS\System32\GDI32.dll
0x00007ffceab20000 - 0x00007ffceac52000 	C:\WINDOWS\System32\gdi32full.dll
0x00007ffceaa70000 - 0x00007ffceab13000 	C:\WINDOWS\System32\msvcp_win.dll
0x00007ffced3f0000 - 0x00007ffced420000 	C:\WINDOWS\System32\IMM32.DLL
0x00007ffce75d0000 - 0x00007ffce75dc000 	C:\Users\picav\.jdks\corretto-20.0.2.1\bin\vcruntime140_1.dll
0x00007ffcd5840000 - 0x00007ffcd58ce000 	C:\Users\picav\.jdks\corretto-20.0.2.1\bin\msvcp140.dll
0x00007ffc92d20000 - 0x00007ffc93a24000 	C:\Users\picav\.jdks\corretto-20.0.2.1\bin\server\jvm.dll
0x00007ffced110000 - 0x00007ffced1c2000 	C:\WINDOWS\System32\ADVAPI32.dll
0x00007ffced430000 - 0x00007ffced4d6000 	C:\WINDOWS\System32\sechost.dll
0x00007ffcec150000 - 0x00007ffcec266000 	C:\WINDOWS\System32\RPCRT4.dll
0x00007ffce25b0000 - 0x00007ffce25e6000 	C:\WINDOWS\SYSTEM32\WINMM.dll
0x00007ffcca0e0000 - 0x00007ffcca0ea000 	C:\WINDOWS\SYSTEM32\WSOCK32.dll
0x00007ffce2b70000 - 0x00007ffce2b7b000 	C:\WINDOWS\SYSTEM32\VERSION.dll
0x00007ffceb2e0000 - 0x00007ffceb354000 	C:\WINDOWS\System32\WS2_32.dll
0x00007ffce9430000 - 0x00007ffce944a000 	C:\WINDOWS\SYSTEM32\kernel.appcore.dll
0x00007ffce6d70000 - 0x00007ffce6d7a000 	C:\Users\picav\.jdks\corretto-20.0.2.1\bin\jimage.dll
0x00007ffcdf6f0000 - 0x00007ffcdf931000 	C:\WINDOWS\SYSTEM32\DBGHELP.DLL
0x00007ffceb360000 - 0x00007ffceb6e4000 	C:\WINDOWS\System32\combase.dll
0x00007ffceb970000 - 0x00007ffceba50000 	C:\WINDOWS\System32\OLEAUT32.dll
0x00007ffcce030000 - 0x00007ffcce069000 	C:\WINDOWS\SYSTEM32\dbgcore.DLL
0x00007ffceb240000 - 0x00007ffceb2d9000 	C:\WINDOWS\System32\bcryptPrimitives.dll
0x00007ffce6cd0000 - 0x00007ffce6cde000 	C:\Users\picav\.jdks\corretto-20.0.2.1\bin\instrument.dll
0x00007ffce3410000 - 0x00007ffce3436000 	C:\Users\picav\.jdks\corretto-20.0.2.1\bin\java.dll
0x00007ffcb2dc0000 - 0x00007ffcb2e97000 	C:\Users\picav\.jdks\corretto-20.0.2.1\bin\jsvml.dll
0x00007ffcec7f0000 - 0x00007ffcecf1d000 	C:\WINDOWS\System32\SHELL32.dll
0x00007ffcea800000 - 0x00007ffcea974000 	C:\WINDOWS\System32\wintypes.dll
0x00007ffce8300000 - 0x00007ffce8b56000 	C:\WINDOWS\SYSTEM32\windows.storage.dll
0x00007ffcec670000 - 0x00007ffcec75f000 	C:\WINDOWS\System32\SHCORE.dll
0x00007ffced2d0000 - 0x00007ffced339000 	C:\WINDOWS\System32\shlwapi.dll
0x00007ffcea5c0000 - 0x00007ffcea5ef000 	C:\WINDOWS\SYSTEM32\profapi.dll
0x00007ffcd5800000 - 0x00007ffcd5818000 	C:\Users\picav\.jdks\corretto-20.0.2.1\bin\zip.dll
0x00007ffce2e70000 - 0x00007ffce2e83000 	C:\Users\picav\.jdks\corretto-20.0.2.1\bin\net.dll
0x00007ffce3810000 - 0x00007ffce392e000 	C:\WINDOWS\SYSTEM32\WINHTTP.dll
0x00007ffce9990000 - 0x00007ffce99fa000 	C:\WINDOWS\system32\mswsock.dll
0x00007ffcd5820000 - 0x00007ffcd5836000 	C:\Users\picav\.jdks\corretto-20.0.2.1\bin\nio.dll
0x00007ffce2e60000 - 0x00007ffce2e67000 	C:\Users\picav\.jdks\corretto-20.0.2.1\bin\extnet.dll
0x00007ffce8e90000 - 0x00007ffce8fb7000 	C:\WINDOWS\SYSTEM32\DNSAPI.dll
0x00007ffce8e50000 - 0x00007ffce8e83000 	C:\WINDOWS\SYSTEM32\IPHLPAPI.DLL
0x00007ffceb960000 - 0x00007ffceb96a000 	C:\WINDOWS\System32\NSI.dll
0x00007ffcd1bd0000 - 0x00007ffcd1bdb000 	C:\Windows\System32\rasadhlp.dll
0x00007ffce27e0000 - 0x00007ffce2866000 	C:\WINDOWS\System32\fwpuclnt.dll
0x00007ffce2cf0000 - 0x00007ffce2cfa000 	C:\Users\picav\.jdks\corretto-20.0.2.1\bin\management.dll
0x00007ffcd57f0000 - 0x00007ffcd57fb000 	C:\Users\picav\.jdks\corretto-20.0.2.1\bin\management_ext.dll
0x00007ffcec130000 - 0x00007ffcec138000 	C:\WINDOWS\System32\PSAPI.DLL
0x00007ffce9c60000 - 0x00007ffce9c7c000 	C:\WINDOWS\SYSTEM32\CRYPTSP.dll
0x00007ffce9390000 - 0x00007ffce93ca000 	C:\WINDOWS\system32\rsaenh.dll
0x00007ffce9a30000 - 0x00007ffce9a5b000 	C:\WINDOWS\SYSTEM32\USERENV.dll
0x00007ffcea590000 - 0x00007ffcea5b6000 	C:\WINDOWS\SYSTEM32\bcrypt.dll
0x00007ffce9c80000 - 0x00007ffce9c8c000 	C:\WINDOWS\SYSTEM32\CRYPTBASE.dll
0x00007ffce37e0000 - 0x00007ffce37ff000 	C:\WINDOWS\SYSTEM32\dhcpcsvc6.DLL
0x00007ffce37b0000 - 0x00007ffce37d5000 	C:\WINDOWS\SYSTEM32\dhcpcsvc.DLL
0x00007ffcca970000 - 0x00007ffcca988000 	C:\WINDOWS\system32\napinsp.dll
0x00007ffcca710000 - 0x00007ffcca722000 	C:\WINDOWS\System32\winrnr.dll
0x00007ffcca0f0000 - 0x00007ffcca120000 	C:\WINDOWS\system32\nlansp_c.dll
0x00007ffcc9fc0000 - 0x00007ffcc9fe0000 	C:\WINDOWS\system32\wshbth.dll
0x00007ffcca850000 - 0x00007ffcca89e000 	C:\WINDOWS\SYSTEM32\pdh.dll
0x00007ffcc6f70000 - 0x00007ffcc6f82000 	C:\WINDOWS\System32\perfproc.dll
0x00007ffce3400000 - 0x00007ffce340e000 	C:\Users\picav\.jdks\corretto-20.0.2.1\bin\sunmscapi.dll
0x00007ffceb0c0000 - 0x00007ffceb237000 	C:\WINDOWS\System32\CRYPT32.dll
0x00007ffce9e90000 - 0x00007ffce9ec0000 	C:\WINDOWS\SYSTEM32\ncrypt.dll
0x00007ffce9e40000 - 0x00007ffce9e7f000 	C:\WINDOWS\SYSTEM32\NTASN1.dll
0x00007ffcd57e0000 - 0x00007ffcd57f0000 	C:\Users\picav\.jdks\corretto-20.0.2.1\bin\verify.dll
0x00007ffcb8630000 - 0x00007ffcb8638000 	C:\WINDOWS\system32\wshunix.dll

dbghelp: loaded successfully - version: 4.0.5 - missing functions: none
symbol engine: initialized successfully - sym options: 0x614 - pdb path: .;C:\Users\picav\.jdks\corretto-20.0.2.1\bin;C:\WINDOWS\SYSTEM32;C:\WINDOWS\WinSxS\amd64_microsoft.windows.common-controls_6595b64144ccf1df_6.0.26100.3912_none_3e07963ce335137e;C:\Users\picav\.jdks\corretto-20.0.2.1\bin\server

VM Arguments:
jvm_args: -XX:TieredStopAtLevel=1 -Dspring.output.ansi.enabled=always -Dcom.sun.management.jmxremote -Dspring.jmx.enabled=true -Dspring.liveBeansView.mbeanDomain -Dspring.application.admin.enabled=true -Dmanagement.endpoints.jmx.exposure.include=* -javaagent:D:\Softwares\IntelliJ IDEA 2025.1\lib\idea_rt.jar=58210 -Dfile.encoding=UTF-8 -Dsun.stdout.encoding=UTF-8 -Dsun.stderr.encoding=UTF-8 
java_command: org.example.Main
java_class_path (initial): D:\Development\WebDevV2\clothesSHOP\target\classes;C:\Users\picav\.m2\repository\org\springframework\boot\spring-boot-starter-data-mongodb\3.4.4\spring-boot-starter-data-mongodb-3.4.4.jar;C:\Users\picav\.m2\repository\org\springframework\boot\spring-boot-starter\3.4.4\spring-boot-starter-3.4.4.jar;C:\Users\picav\.m2\repository\org\springframework\boot\spring-boot\3.4.4\spring-boot-3.4.4.jar;C:\Users\picav\.m2\repository\org\springframework\boot\spring-boot-autoconfigure\3.4.4\spring-boot-autoconfigure-3.4.4.jar;C:\Users\picav\.m2\repository\org\springframework\boot\spring-boot-starter-logging\3.4.4\spring-boot-starter-logging-3.4.4.jar;C:\Users\picav\.m2\repository\ch\qos\logback\logback-classic\1.5.18\logback-classic-1.5.18.jar;C:\Users\picav\.m2\repository\ch\qos\logback\logback-core\1.5.18\logback-core-1.5.18.jar;C:\Users\picav\.m2\repository\org\apache\logging\log4j\log4j-to-slf4j\2.24.3\log4j-to-slf4j-2.24.3.jar;C:\Users\picav\.m2\repository\org\apache\logging\log4j\log4j-api\2.24.3\log4j-api-2.24.3.jar;C:\Users\picav\.m2\repository\org\slf4j\jul-to-slf4j\2.0.17\jul-to-slf4j-2.0.17.jar;C:\Users\picav\.m2\repository\jakarta\annotation\jakarta.annotation-api\2.1.1\jakarta.annotation-api-2.1.1.jar;C:\Users\picav\.m2\repository\org\yaml\snakeyaml\2.3\snakeyaml-2.3.jar;C:\Users\picav\.m2\repository\org\mongodb\mongodb-driver-sync\5.2.1\mongodb-driver-sync-5.2.1.jar;C:\Users\picav\.m2\repository\org\mongodb\bson\5.2.1\bson-5.2.1.jar;C:\Users\picav\.m2\repository\org\mongodb\mongodb-driver-core\5.2.1\mongodb-driver-core-5.2.1.jar;C:\Users\picav\.m2\repository\org\mongodb\bson-record-codec\5.2.1\bson-record-codec-5.2.1.jar;C:\Users\picav\.m2\repository\org\springframework\data\spring-data-mongodb\4.4.4\spring-data-mongodb-4.4.4.jar;C:\Users\picav\.m2\repository\org\springframework\spring-tx\6.2.4\spring-tx-6.2.4.jar;C:\Users\picav\.m2\repository\org\springframework\spring-context\6.2.4\spring-context-6.2.4.jar;C:\Users\picav\.m2\repository\org\springframework\spring-expression\6.2.4\spring-expression-6.2.4.jar;C:\Users\picav\.m2\repository\org\springframework\data\spring-data-commons\3.4.4\spring-data-commons-3.4.4.jar;C:\Users\picav\.m2\repository\org\slf4j\slf4j-api\2.0.2\slf4j-api-2.0.2.jar;C:\Users\picav\.m2\repository\org\springframework\boot\spring-boot-starter-data-jpa\3.4.4\spring-boot-starter-data-jpa-3.4.4.jar;C:\Users\picav\.m2\repository\org\springframework\boot\spring-boot-starter-jdbc\3.4.4\spring-boot-starter-jdbc-3.4.4.jar;C:\Users\picav\.m2\repository\com\zaxxer\HikariCP\5.1.0\HikariCP-5.1.0.jar;C:\Users\picav\.m2\repository\org\springframework\spring-jdbc\6.2.5\spring-jdbc-6.2.5.jar;C:\Users\picav\.m2\repository\org\hibernate\orm\hibernate-core\6.6.11.Final\hibernate-core-6.6.11.Final.jar;C:\Users\picav\.m2\repository\jakarta\persistence\jakarta.persistence-api\3.1.0\jakarta.persistence-api-3.1.0.jar;C:\Users\picav\.m2\repository\jakarta\transaction\jakarta.transaction-api\2.0.1\jakarta.transaction-api-2.0.1.jar;C:\Users\picav\.m2\repository\org\jboss\logging\jboss-logging\3.5.0.Final\jboss-logging-3.5.0.Final.jar;C:\Users\picav\.m2\repository\org\hibernate\common\hibernate-commons-annotations\7.0.3.Final\hibernate-commons-annotations-7.0.3.Final.jar;C:\Users\picav\.m2\repository\io\smallrye\jandex\3.2.0\jandex-3.2.0.jar;C:\Users\picav\.m2\repository\com\fasterxml\classmate\1.5.1\classmate-1.5.1.jar;C:\Users\picav\.m2\repository\net\bytebuddy\byte-buddy\1.15.11\byte-buddy-1.15.11.jar;C:\Users\picav\.m2\repository\jakarta\xml\bind\jakarta.xml.bind-api\4.0.0\jakarta.xml.bind-api-4.0.0.jar;C:\Users\picav\.m2\repository\org\glassfish\jaxb\jaxb-runtime\4.0.2\jaxb-runtime-4.0.2.jar;C:\Users\picav\.m2\repository\org\glassfish\jaxb\jaxb-core\4.0.2\jaxb-core-4.0.2.jar;C:\Users\picav\.m2\repository\org\glassfish\jaxb\txw2\4.0.2\txw2-4.0.2.jar;C:\Users\picav\.m2\repository\com\sun\istack\istack-commons-runtime\4.1.1\istack-commons-runtime-4.1.1.jar;C:\Users\picav\.m2\repository\jakarta\inject\jakarta.inject-api\2.0.1\jakarta.inject-api-2.0.1.jar;C:\Users\picav\.m2\repository\org\antlr\antlr4-runtime\4.13.0\antlr4-runtime-4.13.0.jar;C:\Users\picav\.m2\repository\org\springframework\data\spring-data-jpa\3.4.4\spring-data-jpa-3.4.4.jar;C:\Users\picav\.m2\repository\org\springframework\spring-orm\6.2.4\spring-orm-6.2.4.jar;C:\Users\picav\.m2\repository\org\springframework\spring-aspects\6.2.5\spring-aspects-6.2.5.jar;C:\Users\picav\.m2\repository\org\aspectj\aspectjweaver\1.9.22.1\aspectjweaver-1.9.22.1.jar;C:\Users\picav\.m2\repository\org\springframework\boot\spring-boot-starter-web\3.4.4\spring-boot-starter-web-3.4.4.jar;C:\Users\picav\.m2\repository\org\springframework\boot\spring-boot-starter-json\3.4.4\spring-boot-starter-json-3.4.4.jar;C:\Users\picav\.m2\repository\com\fasterxml\jackson\core\jackson-databind\2.18.3\jackson-databind-2.18.3.jar;C:\Users\picav\.m2\repository\com\fasterxml\jackson\core\jackson-annotations\2.18.3\jackson-annotations-2.18.3.jar;C:\Users\picav\.m2\repository\com\fasterxml\jackson\core\jackson-core\2.18.3\jackson-core-2.18.3.jar;C:\Users\picav\.m2\repository\com\fasterxml\jackson\datatype\jackson-datatype-jdk8\2.18.3\jackson-datatype-jdk8-2.18.3.jar;C:\Users\picav\.m2\repository\com\fasterxml\jackson\datatype\jackson-datatype-jsr310\2.18.3\jackson-datatype-jsr310-2.18.3.jar;C:\Users\picav\.m2\repository\com\fasterxml\jackson\module\jackson-module-parameter-names\2.18.3\jackson-module-parameter-names-2.18.3.jar;C:\Users\picav\.m2\repository\org\springframework\boot\spring-boot-starter-tomcat\3.4.4\spring-boot-starter-tomcat-3.4.4.jar;C:\Users\picav\.m2\repository\org\apache\tomcat\embed\tomcat-embed-core\10.1.39\tomcat-embed-core-10.1.39.jar;C:\Users\picav\.m2\repository\org\apache\tomcat\embed\tomcat-embed-websocket\10.1.39\tomcat-embed-websocket-10.1.39.jar;C:\Users\picav\.m2\repository\org\springframework\spring-webmvc\6.2.5\spring-webmvc-6.2.5.jar;C:\Users\picav\.m2\repository\org\springframework\boot\spring-boot-starter-security\3.4.2\spring-boot-starter-security-3.4.2.jar;C:\Users\picav\.m2\repository\org\springframework\spring-aop\6.2.2\spring-aop-6.2.2.jar;C:\Users\picav\.m2\repository\org\springframework\security\spring-security-config\6.4.2\spring-security-config-6.4.2.jar;C:\Users\picav\.m2\repository\org\springframework\security\spring-security-core\6.4.2\spring-security-core-6.4.2.jar;C:\Users\picav\.m2\repository\org\springframework\security\spring-security-crypto\6.4.2\spring-security-crypto-6.4.2.jar;C:\Users\picav\.m2\repository\org\springframework\security\spring-security-web\6.4.2\spring-security-web-6.4.2.jar;C:\Users\picav\.m2\repository\com\mysql\mysql-connector-j\8.3.0\mysql-connector-j-8.3.0.jar;C:\Users\picav\.m2\repository\com\google\protobuf\protobuf-java\3.25.1\protobuf-java-3.25.1.jar;C:\Users\picav\.m2\repository\org\springframework\spring-web\6.2.6\spring-web-6.2.6.jar;C:\Users\picav\.m2\repository\org\springframework\spring-beans\6.2.6\spring-beans-6.2.6.jar;C:\Users\picav\.m2\repository\org\springframework\spring-core\6.2.6\spring-core-6.2.6.jar;C:\Users\picav\.m2\repository\org\springframework\spring-jcl\6.2.6\spring-jcl-6.2.6.jar;C:\Users\picav\.m2\repository\io\micrometer\micrometer-observation\1.14.5\micrometer-observation-1.14.5.jar;C:\Users\picav\.m2\repository\io\micrometer\micrometer-commons\1.14.5\micrometer-commons-1.14.5.jar;C:\Users\picav\.m2\repository\org\postgresql\postgresql\42.7.6\postgresql-42.7.6.jar;C:\Users\picav\.m2\repository\org\checkerframework\checker-qual\3.49.3\checker-qual-3.49.3.jar;C:\Users\picav\.m2\repository\org\springframework\boot\spring-boot-starter-mail\3.4.4\spring-boot-starter-mail-3.4.4.jar;C:\Users\picav\.m2\repository\org\springframework\spring-context-support\6.2.5\spring-context-support-6.2.5.jar;C:\Users\picav\.m2\repository\org\eclipse\angus\jakarta.mail\2.0.3\jakarta.mail-2.0.3.jar;C:\Users\picav\.m2\repository\jakarta\activation\jakarta.activation-api\2.1.3\jakarta.activation-api-2.1.3.jar;C:\Users\picav\.m2\repository\org\eclipse\angus\angus-activation\2.0.2\angus-activation-2.0.2.jar;C:\Users\picav\.m2\repository\org\projectlombok\lombok\1.18.30\lombok-1.18.30.jar;C:\Users\picav\.m2\repository\org\jetbrains\annotations\13.0\annotations-13.0.jar;C:\Users\picav\.m2\repository\org\springframework\boot\spring-boot-starter-validation\3.5.0\spring-boot-starter-validation-3.5.0.jar;C:\Users\picav\.m2\repository\org\apache\tomcat\embed\tomcat-embed-el\10.1.41\tomcat-embed-el-10.1.41.jar;C:\Users\picav\.m2\repository\org\hibernate\validator\hibernate-validator\8.0.2.Final\hibernate-validator-8.0.2.Final.jar;C:\Users\picav\.m2\repository\jakarta\validation\jakarta.validation-api\3.0.2\jakarta.validation-api-3.0.2.jar;C:\Users\picav\.m2\repository\com\stripe\stripe-java\23.4.0\stripe-java-23.4.0.jar;C:\Users\picav\.m2\repository\com\google\code\gson\gson\2.10.1\gson-2.10.1.jar
Launcher Type: SUN_STANDARD

[Global flags]
     intx CICompilerCount                          = 4                                         {product} {ergonomic}
     uint ConcGCThreads                            = 3                                         {product} {ergonomic}
     uint G1ConcRefinementThreads                  = 10                                        {product} {ergonomic}
   size_t G1HeapRegionSize                         = 1048576                                   {product} {ergonomic}
    uintx GCDrainStackTargetSize                   = 64                                        {product} {ergonomic}
   size_t InitialHeapSize                          = 123731968                                 {product} {ergonomic}
     bool ManagementServer                         = true                                      {product} {command line}
   size_t MarkStackSize                            = 4194304                                   {product} {ergonomic}
   size_t MaxHeapSize                              = 1973420032                                {product} {ergonomic}
   size_t MaxNewSize                               = 1183842304                                {product} {ergonomic}
   size_t MinHeapDeltaBytes                        = 1048576                                   {product} {ergonomic}
   size_t MinHeapSize                              = 8388608                                   {product} {ergonomic}
    uintx NonProfiledCodeHeapSize                  = 0                                      {pd product} {ergonomic}
     bool ProfileInterpreter                       = false                                  {pd product} {command line}
    uintx ProfiledCodeHeapSize                     = 0                                      {pd product} {ergonomic}
   size_t SoftMaxHeapSize                          = 1973420032                             {manageable} {ergonomic}
     intx TieredStopAtLevel                        = 1                                         {product} {command line}
     bool UseCompressedClassPointers               = true                           {product lp64_product} {ergonomic}
     bool UseCompressedOops                        = true                           {product lp64_product} {ergonomic}
     bool UseG1GC                                  = true                                      {product} {ergonomic}
     bool UseLargePagesIndividualAllocation        = false                                  {pd product} {ergonomic}

Logging:
Log output configuration:
 #0: stdout all=warning uptime,level,tags foldmultilines=false
 #1: stderr all=off uptime,level,tags foldmultilines=false

Environment Variables:
PATH=C:\Program Files (x86)\Common Files\Oracle\Java\java8path;C:\Program Files (x86)\Common Files\Oracle\Java\javapath;C:\WINDOWS\system32;C:\WINDOWS;C:\WINDOWS\System32\Wbem;C:\WINDOWS\System32\WindowsPowerShell\v1.0\;C:\WINDOWS\System32\OpenSSH\;C:\Program Files\Git\cmd;C:\Program Files\nodejs\;C:\Users\picav\AppData\Local\Microsoft\WindowsApps;C:\Users\picav\AppData\Local\GitHubDesktop\bin;C:\Program Files\nodejs\;C:\Program Files\PostgreSQL\17\bin;;C:\Users\picav\AppData\Local\spicetify
USERNAME=picav
OS=Windows_NT
PROCESSOR_IDENTIFIER=AMD64 Family 25 Model 80 Stepping 0, AuthenticAMD
TMP=C:\Users\picav\AppData\Local\Temp
TEMP=C:\Users\picav\AppData\Local\Temp




---------------  S Y S T E M  ---------------

OS:
 Windows 11 , 64 bit Build 26100 (10.0.26100.3912)
OS uptime: 0 days 4:24 hours
Hyper-V role detected

CPU: total 12 (initial active 12) (12 cores per cpu, 2 threads per core) family 25 model 80 stepping 0 microcode 0xa50000d, cx8, cmov, fxsr, ht, mmx, 3dnowpref, sse, sse2, sse3, ssse3, sse4a, sse4.1, sse4.2, popcnt, lzcnt, tsc, tscinvbit, avx, avx2, aes, erms, clmul, bmi1, bmi2, adx, sha, fma, vzeroupper, clflush, clflushopt, hv, rdtscp, rdpid, fsrm, f16c, cet_ss

Memory: 4k page, system-wide physical 7521M (1108M free)
TotalPageFile size 17987M (AvailPageFile size 0M)
current process WorkingSet (physical memory assigned to process): 61M, peak: 240M
current process commit charge ("private bytes"): 297M, peak: 298M

vm_info: OpenJDK 64-Bit Server VM (20.0.2.1+10-FR) for windows-amd64 JRE (20.0.2.1+10-FR), built on 2023-08-19T09:18:31Z by "Administrator" with unknown MS VC++:1937

END.
